TN:
SF:src\components\Elements\Button.tsx
FN:9,(anonymous_0)
FNF:1
FNH:1
FNDA:5,(anonymous_0)
DA:9,1
DA:10,5
DA:13,5
DA:25,5
DA:37,1
LF:5
LH:5
BRDA:9,0,0,5
BRDA:9,1,0,2
BRDA:28,2,0,4
BRDA:28,2,1,1
BRF:4
BRH:4
end_of_record
TN:
SF:src\components\Elements\ButtonLanding.tsx
FN:11,(anonymous_0)
FNF:1
FNH:1
FNDA:32,(anonymous_0)
DA:1,1
DA:11,1
DA:18,32
DA:19,32
DA:24,0
DA:35,1
LF:6
LH:5
BRDA:14,0,0,32
BRDA:18,1,0,32
BRF:2
BRH:2
end_of_record
TN:
SF:src\components\Layouts\About.tsx
FN:1,(anonymous_0)
FNF:1
FNH:1
FNDA:4,(anonymous_0)
DA:1,1
DA:2,4
DA:35,1
LF:3
LH:3
BRF:0
BRH:0
end_of_record
TN:
SF:src\components\Layouts\Navbar.tsx
FN:28,(anonymous_0)
FN:31,(anonymous_1)
FN:35,(anonymous_2)
FN:62,(anonymous_3)
FNF:4
FNH:4
FNDA:8,(anonymous_0)
FNDA:3,(anonymous_1)
FNDA:1,(anonymous_2)
FNDA:32,(anonymous_3)
DA:1,1
DA:2,1
DA:3,1
DA:5,1
DA:28,1
DA:29,8
DA:31,8
DA:32,3
DA:35,8
DA:36,1
DA:39,8
DA:63,32
DA:100,1
LF:13
LH:13
BRDA:51,0,0,2
BRDA:51,0,1,6
BRDA:58,1,0,2
BRDA:58,1,1,6
BRF:4
BRH:4
end_of_record
TN:
SF:src\contexts\UserContext.tsx
FN:14,(anonymous_0)
FN:24,(anonymous_1)
FNF:2
FNH:2
FNDA:3,(anonymous_0)
FNDA:3,(anonymous_1)
DA:1,1
DA:12,1
DA:14,1
DA:15,3
DA:17,3
DA:24,1
DA:25,3
DA:26,3
DA:27,0
DA:29,3
LF:10
LH:9
BRDA:26,0,0,0
BRF:1
BRH:0
end_of_record
