TN:
SF:src\components\Elements\Button.tsx
FN:9,(anonymous_0)
FNF:1
FNH:1
FNDA:5,(anonymous_0)
DA:9,1
DA:10,5
DA:13,5
DA:25,5
DA:37,1
LF:5
LH:5
BRDA:9,0,0,5
BRDA:9,1,0,2
BRDA:28,2,0,4
BRDA:28,2,1,1
BRF:4
BRH:4
end_of_record
TN:
SF:src\components\Elements\ButtonLanding.tsx
FN:11,(anonymous_0)
FNF:1
FNH:1
FNDA:32,(anonymous_0)
DA:1,1
DA:11,1
DA:18,32
DA:19,32
DA:24,0
DA:35,1
LF:6
LH:5
BRDA:14,0,0,32
BRDA:18,1,0,32
BRF:2
BRH:2
end_of_record
TN:
SF:src\components\Elements\SidebarItem.tsx
FN:10,(anonymous_0)
FN:13,(anonymous_1)
FNF:2
FNH:2
FNDA:12,(anonymous_0)
FNDA:12,(anonymous_1)
DA:2,1
DA:10,1
DA:11,12
DA:14,12
DA:24,1
LF:5
LH:5
BRDA:15,0,0,0
BRDA:15,0,1,12
BRF:2
BRH:1
end_of_record
TN:
SF:src\components\Fragments\Sidebar.tsx
FN:7,(anonymous_0)
FN:83,(anonymous_1)
FN:105,(anonymous_2)
FNF:3
FNH:2
FNDA:2,(anonymous_0)
FNDA:0,(anonymous_1)
FNDA:12,(anonymous_2)
DA:2,1
DA:3,1
DA:4,1
DA:5,1
DA:7,1
DA:8,2
DA:9,2
DA:13,2
DA:80,2
DA:83,2
DA:84,0
DA:85,0
DA:87,0
DA:93,0
DA:96,2
DA:106,12
DA:127,1
LF:17
LH:13
BRDA:13,0,0,0
BRDA:13,0,1,2
BRDA:80,1,0,0
BRDA:80,1,1,2
BRF:4
BRH:2
end_of_record
TN:
SF:src\components\Layouts\About.tsx
FN:1,(anonymous_0)
FNF:1
FNH:1
FNDA:4,(anonymous_0)
DA:1,1
DA:2,4
DA:35,1
LF:3
LH:3
BRF:0
BRH:0
end_of_record
TN:
SF:src\components\Layouts\AdminLayout.tsx
FN:7,(anonymous_0)
FNF:1
FNH:1
FNDA:2,(anonymous_0)
DA:1,1
DA:7,1
DA:8,2
DA:16,1
LF:4
LH:4
BRF:0
BRH:0
end_of_record
TN:
SF:src\components\Layouts\Navbar.tsx
FN:28,(anonymous_0)
FN:31,(anonymous_1)
FN:35,(anonymous_2)
FN:62,(anonymous_3)
FNF:4
FNH:4
FNDA:8,(anonymous_0)
FNDA:3,(anonymous_1)
FNDA:1,(anonymous_2)
FNDA:32,(anonymous_3)
DA:1,1
DA:2,1
DA:3,1
DA:5,1
DA:28,1
DA:29,8
DA:31,8
DA:32,3
DA:35,8
DA:36,1
DA:39,8
DA:63,32
DA:100,1
LF:13
LH:13
BRDA:51,0,0,2
BRDA:51,0,1,6
BRDA:58,1,0,2
BRDA:58,1,1,6
BRF:4
BRH:4
end_of_record
TN:
SF:src\contexts\UserContext.tsx
FN:14,(anonymous_0)
FN:24,(anonymous_1)
FNF:2
FNH:2
FNDA:3,(anonymous_0)
FNDA:3,(anonymous_1)
DA:1,1
DA:12,1
DA:14,1
DA:15,3
DA:17,3
DA:24,1
DA:25,3
DA:26,3
DA:27,0
DA:29,3
LF:10
LH:9
BRDA:26,0,0,0
BRF:1
BRH:0
end_of_record
TN:
SF:src\utils\auth.utils.tsx
FN:1,(anonymous_0)
FN:19,(anonymous_1)
FN:25,(anonymous_2)
FN:32,(anonymous_3)
FN:38,(anonymous_4)
FNF:5
FNH:2
FNDA:2,(anonymous_0)
FNDA:0,(anonymous_1)
FNDA:2,(anonymous_2)
FNDA:0,(anonymous_3)
FNDA:0,(anonymous_4)
DA:1,1
DA:2,2
DA:4,2
DA:5,2
DA:8,0
DA:9,0
DA:11,0
DA:13,2
DA:14,2
DA:19,1
DA:20,0
DA:21,0
DA:25,1
DA:26,2
DA:27,2
DA:28,2
DA:32,1
DA:33,0
DA:34,0
DA:38,1
DA:39,0
DA:40,0
LF:22
LH:13
BRDA:5,0,0,2
BRDA:21,1,0,0
BRDA:21,1,1,0
BRDA:27,2,0,0
BRDA:27,2,1,2
BRDA:34,3,0,0
BRDA:34,3,1,0
BRDA:40,4,0,0
BRDA:40,4,1,0
BRF:9
BRH:2
end_of_record
